Using pre-set license

 COMMAND LINE ARGUMENTS:
/Applications/Unity/Hub/Editor/2020.3.16f1/Unity.app/Contents/MacOS/Unity
-adb2
-batchMode
-noUpm
-name
AssetImportWorker0
-projectPath
/Users/chuli/Desktop/DGP/Zapper_Cloud
-logFile
Logs/AssetImportWorker0.log
-srvPort
57851
Successfully changed project path to: /Users/chuli/Desktop/DGP/Zapper_Cloud
/Users/chuli/Desktop/DGP/Zapper_Cloud
Using Asset Import Pipeline V2.
Refreshing native plugins compatible for Editor in 55.16 ms, found 5 plugins.
Preloading 1 native plugins for Editor in 1.98 ms.
Initialize engine version: 2020.3.16f1 (049d6eca3c44)
[Subsystems] Discovering subsystems at path /Applications/Unity/Hub/Editor/2020.3.16f1/Unity.app/Contents/Resources/UnitySubsystems
[Subsystems] Discovering subsystems at path /Users/chuli/Desktop/DGP/Zapper_Cloud/Assets
GfxDevice: creating device client; threaded=0
2021-11-06 17:28:54.041 Unity[8023:2059890] Color LCD preferred device: AMD Radeon Pro 450 (high power)
2021-11-06 17:28:54.041 Unity[8023:2059890] Metal devices available: 2
2021-11-06 17:28:54.042 Unity[8023:2059890] 0: AMD Radeon Pro 450 (high power)
2021-11-06 17:28:54.042 Unity[8023:2059890] 1: Intel(R) HD Graphics 530 (low power)
2021-11-06 17:28:54.042 Unity[8023:2059890] Using device AMD Radeon Pro 450 (high power)
Initializing Metal device caps: AMD Radeon Pro 450
Initialize mono
Mono path[0] = '/Applications/Unity/Hub/Editor/2020.3.16f1/Unity.app/Contents/Managed'
Mono path[1] = '/Applications/Unity/Hub/Editor/2020.3.16f1/Unity.app/Contents/MonoBleedingEdge/lib/mono/unityjit'
Mono config path = '/Applications/Unity/Hub/Editor/2020.3.16f1/Unity.app/Contents/MonoBleedingEdge/etc'
Using monoOptions --debugger-agent=transport=dt_socket,embedding=1,server=y,suspend=n,address=127.0.0.1:56023
Begin MonoManager ReloadAssembly
Registering precompiled unity dll's ...
Register platform support module: /Applications/Unity/Hub/Editor/2020.3.16f1/PlaybackEngines/WebGLSupport/UnityEditor.WebGL.Extensions.dll
Register platform support module: /Applications/Unity/Hub/Editor/2020.3.16f1/Unity.app/Contents/PlaybackEngines/MacStandaloneSupport/UnityEditor.OSXStandalone.Extensions.dll
Registered in 0.000880 seconds.
Native extension for OSXStandalone target not found
Native extension for WebGL target not found
Refreshing native plugins compatible for Editor in 37.34 ms, found 5 plugins.
Preloading 1 native plugins for Editor in 0.58 ms.
Mono: successfully reloaded assembly
- Completed reload, in  4.175 seconds
Domain Reload Profiling:
	ReloadAssembly (4175ms)
		BeginReloadAssembly (70ms)
			ExecutionOrderSort (0ms)
			DisableScriptedObjects (0ms)
			BackupInstance (0ms)
			ReleaseScriptingObjects (0ms)
			CreateAndSetChildDomain (1ms)
		EndReloadAssembly (637ms)
			LoadAssemblies (69ms)
			RebuildTransferFunctionScriptingTraits (0ms)
			SetupTypeCache (258ms)
			ReleaseScriptCaches (0ms)
			RebuildScriptCaches (52ms)
			SetupLoadedEditorAssemblies (251ms)
				LogAssemblyErrors (0ms)
				InitializePlatformSupportModulesInManaged (6ms)
				SetLoadedEditorAssemblies (0ms)
				RefreshPlugins (38ms)
				BeforeProcessingInitializeOnLoad (34ms)
				ProcessInitializeOnLoadAttributes (133ms)
				ProcessInitializeOnLoadMethodAttributes (39ms)
				AfterProcessingInitializeOnLoad (0ms)
				EditorAssembliesLoaded (0ms)
			ExecutionOrderSort2 (0ms)
			AwakeInstancesAfterBackupRestoration (0ms)
Platform modules already initialized, skipping
Registering precompiled user dll's ...
Registered in 0.002182 seconds.
Begin MonoManager ReloadAssembly
Native extension for OSXStandalone target not found
Native extension for WebGL target not found
Refreshing native plugins compatible for Editor in 0.69 ms, found 5 plugins.
Preloading 1 native plugins for Editor in 0.84 ms.
Mono: successfully reloaded assembly
- Completed reload, in  1.675 seconds
Domain Reload Profiling:
	ReloadAssembly (1676ms)
		BeginReloadAssembly (228ms)
			ExecutionOrderSort (0ms)
			DisableScriptedObjects (8ms)
			BackupInstance (0ms)
			ReleaseScriptingObjects (0ms)
			CreateAndSetChildDomain (44ms)
		EndReloadAssembly (1351ms)
			LoadAssemblies (106ms)
			RebuildTransferFunctionScriptingTraits (0ms)
			SetupTypeCache (445ms)
			ReleaseScriptCaches (0ms)
			RebuildScriptCaches (69ms)
			SetupLoadedEditorAssemblies (578ms)
				LogAssemblyErrors (0ms)
				InitializePlatformSupportModulesInManaged (11ms)
				SetLoadedEditorAssemblies (1ms)
				RefreshPlugins (2ms)
				BeforeProcessingInitializeOnLoad (124ms)
				ProcessInitializeOnLoadAttributes (433ms)
				ProcessInitializeOnLoadMethodAttributes (5ms)
				AfterProcessingInitializeOnLoad (2ms)
				EditorAssembliesLoaded (0ms)
			ExecutionOrderSort2 (0ms)
			AwakeInstancesAfterBackupRestoration (12ms)
Platform modules already initialized, skipping
========================================================================
Worker process is ready to serve import requests
Launching external process: /Applications/Unity/Hub/Editor/2020.3.16f1/Unity.app/Contents/Tools/UnityShaderCompiler
Launched and connected shader compiler UnityShaderCompiler after 0.02 seconds
Refreshing native plugins compatible for Editor in 0.57 ms, found 5 plugins.
Preloading 1 native plugins for Editor in 0.65 ms.
Unloading 1476 Unused Serialized files (Serialized files now loaded: 0)
System memory in use before: 147.7 MB.
System memory in use after: 147.4 MB.

Unloading 45 unused Assets to reduce memory usage. Loaded Objects now: 1885.
Total: 4.143797 ms (FindLiveObjects: 0.213678 ms CreateObjectMapping: 0.058370 ms MarkObjects: 3.562833 ms  DeleteObjects: 0.307591 ms)

AssetImportParameters requested are different than current active one (requested -> active):
  custom:video-decoder-ogg-theora: a1e56fd34408186e4bbccfd4996cb3dc -> 
  custom:container-muxer-webm: aa71ff27fc2769a1b78a27578f13a17b -> 
  custom:container-demuxer-webm: 4f35f7cbe854078d1ac9338744f61a02 -> 
  custom:container-demuxer-ogg: 62fdf1f143b41e24485cea50d1cbac27 -> 
  custom:video-encoder-webm-vp8: eb34c28f22e8b96e1ab97ce403110664 -> 
  custom:framework-osx-AVFoundation: e770b220cccbd017edd2c1fefb359320 -> 
  custom:video-decoder-webm-vp8: 9c59270c3fd7afecdb556c50c9e8de78 -> 
  custom:audio-decoder-ogg-vorbis: bf7c407c2cedff20999df2af8eb42d56 -> 
  custom:audio-encoder-webm-vorbis: bf7c407c2cedff20999df2af8eb42d56 -> 
========================================================================
Received Import Request.
  path: Assets/Scripts/Post.cs
  artifactKey: Guid(138d627dc44e541838712de560754f52) Importer(815301076,1909f56bfc062723c751e8b465ee728b)
Start importing Assets/Scripts/Post.cs using Guid(138d627dc44e541838712de560754f52) Importer(815301076,1909f56bfc062723c751e8b465ee728b)  -> (artifact id: '975b614fbfd6180c258bf3f7f44f51ce') in 2.572860 seconds 
  Import took 2.575552 seconds .

========================================================================
Received Import Request.
  Time since last request: 831.037401 seconds.
  path: Assets/Scripts/Post.cs
  artifactKey: Guid(138d627dc44e541838712de560754f52) Importer(815301076,1909f56bfc062723c751e8b465ee728b)
Start importing Assets/Scripts/Post.cs using Guid(138d627dc44e541838712de560754f52) Importer(815301076,1909f56bfc062723c751e8b465ee728b)  -> (artifact id: '89e3d47dc8eb3d5156ab222acaacc7dc') in 0.011369 seconds 
  Import took 0.022705 seconds .

========================================================================
Received Import Request.
  Time since last request: 910.286497 seconds.
  path: Assets/FirebaseWebGL/Assets/RestClient/DemoScene/Scripts/MainScript.cs
  artifactKey: Guid(92b89366f540895438070c1d6e96f5b5) Importer(815301076,1909f56bfc062723c751e8b465ee728b)
Start importing Assets/FirebaseWebGL/Assets/RestClient/DemoScene/Scripts/MainScript.cs using Guid(92b89366f540895438070c1d6e96f5b5) Importer(815301076,1909f56bfc062723c751e8b465ee728b)  -> (artifact id: 'bf4f30a21f11111193432198e514ceca') in 0.002047 seconds 
  Import took 0.006681 seconds .

========================================================================
Received Import Request.
  Time since last request: 0.000485 seconds.
  path: Assets/FirebaseWebGL/Assets/RestClient/DemoScene/Scripts/MainScript.cs
  artifactKey: Guid(92b89366f540895438070c1d6e96f5b5) Importer(815301076,1909f56bfc062723c751e8b465ee728b)
Start importing Assets/FirebaseWebGL/Assets/RestClient/DemoScene/Scripts/MainScript.cs using Guid(92b89366f540895438070c1d6e96f5b5) Importer(815301076,1909f56bfc062723c751e8b465ee728b)  -> (artifact id: 'bf4f30a21f11111193432198e514ceca') in 0.002178 seconds 
  Import took 0.005730 seconds .

========================================================================
Received Import Request.
  Time since last request: 314.017253 seconds.
  path: Assets/Scripts/PostCloud.cs
  artifactKey: Guid(138d627dc44e541838712de560754f52) Importer(815301076,1909f56bfc062723c751e8b465ee728b)
Start importing Assets/Scripts/PostCloud.cs using Guid(138d627dc44e541838712de560754f52) Importer(815301076,1909f56bfc062723c751e8b465ee728b)  -> (artifact id: 'b2f8ed8adc75ccd18725f018ed514a60') in 0.003082 seconds 
  Import took 0.007762 seconds .

========================================================================
Received Prepare
Registering precompiled user dll's ...
Registered in 0.005469 seconds.
Begin MonoManager ReloadAssembly
Native extension for OSXStandalone target not found
Native extension for WebGL target not found
Refreshing native plugins compatible for Editor in 0.59 ms, found 5 plugins.
Preloading 1 native plugins for Editor in 0.99 ms.
CreateSerializedAsset is not supported while importing out-of-process
UnityEngine.StackTraceUtility:ExtractStackTrace () (at /Users/bokken/buildslave/unity/build/Runtime/Export/Scripting/StackTrace.cs:37)
Zappar.Editor.ZapparUARSettingsProvider:GetOrCreateSettings () (at Library/PackageCache/com.zappar.uar@0009c418ba/Editor/ZapparUARSettingsProvider.cs:93)
Zappar.Editor.PackageImportSettings:RefreshPackage () (at Library/PackageCache/com.zappar.uar@0009c418ba/Editor/PackageImportSettings.cs:31)
Zappar.Editor.PackageImportSettings:.cctor () (at Library/PackageCache/com.zappar.uar@0009c418ba/Editor/PackageImportSettings.cs:13)
System.Runtime.CompilerServices.RuntimeHelpers:RunClassConstructor (System.RuntimeTypeHandle)
UnityEditor.EditorAssemblies:ProcessInitializeOnLoadAttributes (System.Type[]) (at /Users/bokken/buildslave/unity/build/Editor/Mono/EditorAssemblies.cs:134)

[/Users/bokken/buildslave/unity/build/Runtime/Export/Scripting/StackTrace.cs line 37]

UnityEngine.UnityException: Creating asset at path Packages/com.zappar.uar/Resources/User/ZapparUARSettings.asset failed.
  at (wrapper managed-to-native) UnityEditor.AssetDatabase.CreateAsset(UnityEngine.Object,string)
  at Zappar.Editor.ZapparUARSettingsProvider.GetOrCreateSettings () [0x00057] in /Users/chuli/Desktop/DGP/Zapper_Cloud/Library/PackageCache/com.zappar.uar@0009c418ba/Editor/ZapparUARSettingsProvider.cs:93 
  at Zappar.Editor.PackageImportSettings.RefreshPackage () [0x00036] in /Users/chuli/Desktop/DGP/Zapper_Cloud/Library/PackageCache/com.zappar.uar@0009c418ba/Editor/PackageImportSettings.cs:31 
  at Zappar.Editor.PackageImportSettings..cctor () [0x00000] in /Users/chuli/Desktop/DGP/Zapper_Cloud/Library/PackageCache/com.zappar.uar@0009c418ba/Editor/PackageImportSettings.cs:13 
UnityEngine.StackTraceUtility:ExtractStackTrace () (at /Users/bokken/buildslave/unity/build/Runtime/Export/Scripting/StackTrace.cs:37)
UnityEngine.DebugLogHandler:LogFormat (UnityEngine.LogType,UnityEngine.Object,string,object[])
UnityEngine.Logger:Log (UnityEngine.LogType,object)
UnityEngine.Debug:LogError (object)
UnityEditor.EditorAssemblies:ProcessInitializeOnLoadAttributes (System.Type[]) (at /Users/bokken/buildslave/unity/build/Editor/Mono/EditorAssemblies.cs:138)

(Filename: /Users/bokken/buildslave/unity/build/Editor/Mono/EditorAssemblies.cs Line: 138)

Mono: successfully reloaded assembly
- Completed reload, in  1.581 seconds
Domain Reload Profiling:
	ReloadAssembly (1582ms)
		BeginReloadAssembly (182ms)
			ExecutionOrderSort (0ms)
			DisableScriptedObjects (8ms)
			BackupInstance (0ms)
			ReleaseScriptingObjects (0ms)
			CreateAndSetChildDomain (100ms)
		EndReloadAssembly (1305ms)
			LoadAssemblies (95ms)
			RebuildTransferFunctionScriptingTraits (0ms)
			SetupTypeCache (452ms)
			ReleaseScriptCaches (1ms)
			RebuildScriptCaches (61ms)
			SetupLoadedEditorAssemblies (540ms)
				LogAssemblyErrors (0ms)
				InitializePlatformSupportModulesInManaged (8ms)
				SetLoadedEditorAssemblies (1ms)
				RefreshPlugins (2ms)
				BeforeProcessingInitializeOnLoad (93ms)
				ProcessInitializeOnLoadAttributes (429ms)
				ProcessInitializeOnLoadMethodAttributes (5ms)
				AfterProcessingInitializeOnLoad (2ms)
				EditorAssembliesLoaded (0ms)
			ExecutionOrderSort2 (0ms)
			AwakeInstancesAfterBackupRestoration (10ms)
Platform modules already initialized, skipping
Refreshing native plugins compatible for Editor in 0.62 ms, found 5 plugins.
Preloading 1 native plugins for Editor in 0.60 ms.
Unloading 1575 Unused Serialized files (Serialized files now loaded: 0)
System memory in use before: 157.7 MB.
System memory in use after: 156.8 MB.

Unloading 57 unused Assets to reduce memory usage. Loaded Objects now: 1991.
Total: 4.546288 ms (FindLiveObjects: 0.403583 ms CreateObjectMapping: 0.105997 ms MarkObjects: 3.473386 ms  DeleteObjects: 0.561615 ms)

AssetImportParameters requested are different than current active one (requested -> active):
  custom:video-decoder-ogg-theora: a1e56fd34408186e4bbccfd4996cb3dc -> 
  custom:container-muxer-webm: aa71ff27fc2769a1b78a27578f13a17b -> 
  custom:container-demuxer-webm: 4f35f7cbe854078d1ac9338744f61a02 -> 
  custom:container-demuxer-ogg: 62fdf1f143b41e24485cea50d1cbac27 -> 
  custom:video-encoder-webm-vp8: eb34c28f22e8b96e1ab97ce403110664 -> 
  custom:framework-osx-AVFoundation: e770b220cccbd017edd2c1fefb359320 -> 
  custom:video-decoder-webm-vp8: 9c59270c3fd7afecdb556c50c9e8de78 -> 
  custom:audio-decoder-ogg-vorbis: bf7c407c2cedff20999df2af8eb42d56 -> 
  custom:audio-encoder-webm-vorbis: bf7c407c2cedff20999df2af8eb42d56 -> 
========================================================================
Received Prepare
Refreshing native plugins compatible for Editor in 21.96 ms, found 5 plugins.
Preloading 1 native plugins for Editor in 0.92 ms.
Unloading 54 Unused Serialized files (Serialized files now loaded: 0)
System memory in use before: 127.7 MB.
System memory in use after: 126.8 MB.

Unloading 54 unused Assets to reduce memory usage. Loaded Objects now: 1991.
Total: 5.833074 ms (FindLiveObjects: 0.287814 ms CreateObjectMapping: 0.082636 ms MarkObjects: 4.753302 ms  DeleteObjects: 0.708099 ms)

AssetImportParameters requested are different than current active one (requested -> active):
  custom:video-decoder-ogg-theora: a1e56fd34408186e4bbccfd4996cb3dc -> 
  custom:container-muxer-webm: aa71ff27fc2769a1b78a27578f13a17b -> 
  custom:container-demuxer-webm: 4f35f7cbe854078d1ac9338744f61a02 -> 
  custom:container-demuxer-ogg: 62fdf1f143b41e24485cea50d1cbac27 -> 
  custom:video-encoder-webm-vp8: eb34c28f22e8b96e1ab97ce403110664 -> 
  custom:framework-osx-AVFoundation: e770b220cccbd017edd2c1fefb359320 -> 
  custom:video-decoder-webm-vp8: 9c59270c3fd7afecdb556c50c9e8de78 -> 
  custom:audio-decoder-ogg-vorbis: bf7c407c2cedff20999df2af8eb42d56 -> 
  custom:audio-encoder-webm-vorbis: bf7c407c2cedff20999df2af8eb42d56 -> 
========================================================================
Received Import Request.
  Time since last request: 1678.026474 seconds.
  path: Assets/Scripts/PostCloud.cs
  artifactKey: Guid(138d627dc44e541838712de560754f52) Importer(815301076,1909f56bfc062723c751e8b465ee728b)
Start importing Assets/Scripts/PostCloud.cs using Guid(138d627dc44e541838712de560754f52) Importer(815301076,1909f56bfc062723c751e8b465ee728b)  -> (artifact id: 'b189409029f27cade3e4556e8a733840') in 0.020208 seconds 
  Import took 0.037494 seconds .

========================================================================
Received Import Request.
  Time since last request: 257.342725 seconds.
  path: Assets/FirebaseWebGL/Assets/FirebaseWebGL/Examples
  artifactKey: Guid(13e0a5d32e52a93deac98d0fcbf6736a) Importer(815301076,1909f56bfc062723c751e8b465ee728b)
Start importing Assets/FirebaseWebGL/Assets/FirebaseWebGL/Examples using Guid(13e0a5d32e52a93deac98d0fcbf6736a) Importer(815301076,1909f56bfc062723c751e8b465ee728b)  -> (artifact id: '31b9bcd90eabef6e6dc07a4e325959c2') in 0.002029 seconds 
  Import took 0.005554 seconds .

========================================================================
Received Import Request.
  Time since last request: 5.428936 seconds.
  path: Assets/FirebaseWebGL/Assets/FirebaseWebGL/Examples/Storage
  artifactKey: Guid(b26d8f38dcf96617ca1dd67a5f9fb28c) Importer(815301076,1909f56bfc062723c751e8b465ee728b)
Start importing Assets/FirebaseWebGL/Assets/FirebaseWebGL/Examples/Storage using Guid(b26d8f38dcf96617ca1dd67a5f9fb28c) Importer(815301076,1909f56bfc062723c751e8b465ee728b)  -> (artifact id: 'b47a7d97095e9fd54d2f1a0eaf5be945') in 0.001769 seconds 
  Import took 0.005468 seconds .

========================================================================
Received Import Request.
  Time since last request: 0.000670 seconds.
  path: Assets/FirebaseWebGL/Assets/FirebaseWebGL/Examples/Storage
  artifactKey: Guid(b26d8f38dcf96617ca1dd67a5f9fb28c) Importer(815301076,1909f56bfc062723c751e8b465ee728b)
Start importing Assets/FirebaseWebGL/Assets/FirebaseWebGL/Examples/Storage using Guid(b26d8f38dcf96617ca1dd67a5f9fb28c) Importer(815301076,1909f56bfc062723c751e8b465ee728b)  -> (artifact id: 'b47a7d97095e9fd54d2f1a0eaf5be945') in 0.001332 seconds 
  Import took 0.005490 seconds .

========================================================================
Received Import Request.
  Time since last request: 3.689256 seconds.
  path: Assets/FirebaseWebGL/Assets/FirebaseWebGL/Examples/Firestore
  artifactKey: Guid(164fe880c73b443e7b34ed5d85138858) Importer(815301076,1909f56bfc062723c751e8b465ee728b)
Start importing Assets/FirebaseWebGL/Assets/FirebaseWebGL/Examples/Firestore using Guid(164fe880c73b443e7b34ed5d85138858) Importer(815301076,1909f56bfc062723c751e8b465ee728b)  -> (artifact id: 'cb9553bdd6184d0ba0af19c7ead02f4c') in 0.003310 seconds 
  Import took 0.007908 seconds .

========================================================================
Received Import Request.
  Time since last request: 8.654752 seconds.
  path: Assets/FirebaseWebGL/Assets/FirebaseWebGL/Examples/Firestore/FirestoreExampleScene.unity
  artifactKey: Guid(32ff1ce177ae746d9bca1562a25f43d2) Importer(815301076,1909f56bfc062723c751e8b465ee728b)
Start importing Assets/FirebaseWebGL/Assets/FirebaseWebGL/Examples/Firestore/FirestoreExampleScene.unity using Guid(32ff1ce177ae746d9bca1562a25f43d2) Importer(815301076,1909f56bfc062723c751e8b465ee728b)  -> (artifact id: 'f89021aa0c105c90bbda150f055ce491') in 0.023879 seconds 
  Import took 0.027031 seconds .

========================================================================
Received Import Request.
  Time since last request: 120.612515 seconds.
  path: Assets/Testing.unity
  artifactKey: Guid(7dbf5ff0598b24a8bb8fc4d2808e5a76) Importer(815301076,1909f56bfc062723c751e8b465ee728b)
Start importing Assets/Testing.unity using Guid(7dbf5ff0598b24a8bb8fc4d2808e5a76) Importer(815301076,1909f56bfc062723c751e8b465ee728b)  -> (artifact id: 'f377921b30b68557fea5c73b496d5c64') in 0.002660 seconds 
  Import took 0.008238 seconds .

========================================================================
Received Import Request.
  Time since last request: 86.217262 seconds.
  path: Assets/Material/TransparentBG.mat
  artifactKey: Guid(881c9f73fd3974e9bbcee6e640347f03) Importer(815301076,1909f56bfc062723c751e8b465ee728b)
Start importing Assets/Material/TransparentBG.mat using Guid(881c9f73fd3974e9bbcee6e640347f03) Importer(815301076,1909f56bfc062723c751e8b465ee728b)  -> (artifact id: '0a7a502d573c2c562b2600fa5805f190') in 1.558058 seconds 
  Import took 1.561718 seconds .

========================================================================
Received Import Request.
  Time since last request: 172.581506 seconds.
  path: Assets/Testing.unity
  artifactKey: Guid(7dbf5ff0598b24a8bb8fc4d2808e5a76) Importer(815301076,1909f56bfc062723c751e8b465ee728b)
Start importing Assets/Testing.unity using Guid(7dbf5ff0598b24a8bb8fc4d2808e5a76) Importer(815301076,1909f56bfc062723c751e8b465ee728b)  -> (artifact id: '255d2a3c9e02fb5585164b9be3b44823') in 0.003446 seconds 
  Import took 0.007828 seconds .

========================================================================
Received Prepare
Registering precompiled user dll's ...
Registered in 0.005011 seconds.
Begin MonoManager ReloadAssembly
Native extension for OSXStandalone target not found
Native extension for WebGL target not found
Refreshing native plugins compatible for Editor in 0.86 ms, found 5 plugins.
Preloading 1 native plugins for Editor in 0.64 ms.
CreateSerializedAsset is not supported while importing out-of-process
UnityEngine.StackTraceUtility:ExtractStackTrace () (at /Users/bokken/buildslave/unity/build/Runtime/Export/Scripting/StackTrace.cs:37)
Zappar.Editor.ZapparUARSettingsProvider:GetOrCreateSettings () (at Library/PackageCache/com.zappar.uar@0009c418ba/Editor/ZapparUARSettingsProvider.cs:93)
Zappar.Editor.PackageImportSettings:RefreshPackage () (at Library/PackageCache/com.zappar.uar@0009c418ba/Editor/PackageImportSettings.cs:31)
Zappar.Editor.PackageImportSettings:.cctor () (at Library/PackageCache/com.zappar.uar@0009c418ba/Editor/PackageImportSettings.cs:13)
System.Runtime.CompilerServices.RuntimeHelpers:RunClassConstructor (System.RuntimeTypeHandle)
UnityEditor.EditorAssemblies:ProcessInitializeOnLoadAttributes (System.Type[]) (at /Users/bokken/buildslave/unity/build/Editor/Mono/EditorAssemblies.cs:134)

[/Users/bokken/buildslave/unity/build/Runtime/Export/Scripting/StackTrace.cs line 37]

UnityEngine.UnityException: Creating asset at path Packages/com.zappar.uar/Resources/User/ZapparUARSettings.asset failed.
  at (wrapper managed-to-native) UnityEditor.AssetDatabase.CreateAsset(UnityEngine.Object,string)
  at Zappar.Editor.ZapparUARSettingsProvider.GetOrCreateSettings () [0x00057] in /Users/chuli/Desktop/DGP/Zapper_Cloud/Library/PackageCache/com.zappar.uar@0009c418ba/Editor/ZapparUARSettingsProvider.cs:93 
  at Zappar.Editor.PackageImportSettings.RefreshPackage () [0x00036] in /Users/chuli/Desktop/DGP/Zapper_Cloud/Library/PackageCache/com.zappar.uar@0009c418ba/Editor/PackageImportSettings.cs:31 
  at Zappar.Editor.PackageImportSettings..cctor () [0x00000] in /Users/chuli/Desktop/DGP/Zapper_Cloud/Library/PackageCache/com.zappar.uar@0009c418ba/Editor/PackageImportSettings.cs:13 
UnityEngine.StackTraceUtility:ExtractStackTrace () (at /Users/bokken/buildslave/unity/build/Runtime/Export/Scripting/StackTrace.cs:37)
UnityEngine.DebugLogHandler:LogFormat (UnityEngine.LogType,UnityEngine.Object,string,object[])
UnityEngine.Logger:Log (UnityEngine.LogType,object)
UnityEngine.Debug:LogError (object)
UnityEditor.EditorAssemblies:ProcessInitializeOnLoadAttributes (System.Type[]) (at /Users/bokken/buildslave/unity/build/Editor/Mono/EditorAssemblies.cs:138)

(Filename: /Users/bokken/buildslave/unity/build/Editor/Mono/EditorAssemblies.cs Line: 138)

Mono: successfully reloaded assembly
- Completed reload, in  1.778 seconds
Domain Reload Profiling:
	ReloadAssembly (1779ms)
		BeginReloadAssembly (211ms)
			ExecutionOrderSort (0ms)
			DisableScriptedObjects (7ms)
			BackupInstance (0ms)
			ReleaseScriptingObjects (0ms)
			CreateAndSetChildDomain (124ms)
		EndReloadAssembly (1445ms)
			LoadAssemblies (138ms)
			RebuildTransferFunctionScriptingTraits (0ms)
			SetupTypeCache (581ms)
			ReleaseScriptCaches (1ms)
			RebuildScriptCaches (62ms)
			SetupLoadedEditorAssemblies (500ms)
				LogAssemblyErrors (0ms)
				InitializePlatformSupportModulesInManaged (8ms)
				SetLoadedEditorAssemblies (1ms)
				RefreshPlugins (2ms)
				BeforeProcessingInitializeOnLoad (95ms)
				ProcessInitializeOnLoadAttributes (387ms)
				ProcessInitializeOnLoadMethodAttributes (5ms)
				AfterProcessingInitializeOnLoad (2ms)
				EditorAssembliesLoaded (0ms)
			ExecutionOrderSort2 (0ms)
			AwakeInstancesAfterBackupRestoration (11ms)
Platform modules already initialized, skipping
Refreshing native plugins compatible for Editor in 0.66 ms, found 5 plugins.
Preloading 1 native plugins for Editor in 0.59 ms.
Unloading 1575 Unused Serialized files (Serialized files now loaded: 0)
System memory in use before: 166.0 MB.
System memory in use after: 165.2 MB.

Unloading 57 unused Assets to reduce memory usage. Loaded Objects now: 2034.
Total: 4.079900 ms (FindLiveObjects: 0.215788 ms CreateObjectMapping: 0.066068 ms MarkObjects: 3.251502 ms  DeleteObjects: 0.545073 ms)

AssetImportParameters requested are different than current active one (requested -> active):
  custom:video-decoder-ogg-theora: a1e56fd34408186e4bbccfd4996cb3dc -> 
  custom:container-muxer-webm: aa71ff27fc2769a1b78a27578f13a17b -> 
  custom:container-demuxer-webm: 4f35f7cbe854078d1ac9338744f61a02 -> 
  custom:container-demuxer-ogg: 62fdf1f143b41e24485cea50d1cbac27 -> 
  custom:video-encoder-webm-vp8: eb34c28f22e8b96e1ab97ce403110664 -> 
  custom:framework-osx-AVFoundation: e770b220cccbd017edd2c1fefb359320 -> 
  custom:video-decoder-webm-vp8: 9c59270c3fd7afecdb556c50c9e8de78 -> 
  custom:audio-decoder-ogg-vorbis: bf7c407c2cedff20999df2af8eb42d56 -> 
  custom:audio-encoder-webm-vorbis: bf7c407c2cedff20999df2af8eb42d56 -> 
========================================================================
Received Import Request.
  Time since last request: 111.533559 seconds.
  path: Assets/Scripts/PostCloud.cs
  artifactKey: Guid(138d627dc44e541838712de560754f52) Importer(815301076,1909f56bfc062723c751e8b465ee728b)
Start importing Assets/Scripts/PostCloud.cs using Guid(138d627dc44e541838712de560754f52) Importer(815301076,1909f56bfc062723c751e8b465ee728b)  -> (artifact id: '32dc411583178fd30e410b060d01ac7b') in 0.007569 seconds 
  Import took 0.011376 seconds .

========================================================================
Received Import Request.
  Time since last request: 0.035346 seconds.
  path: Assets/Scripts/PostCloud.cs
  artifactKey: Guid(138d627dc44e541838712de560754f52) Importer(815301076,1909f56bfc062723c751e8b465ee728b)
Start importing Assets/Scripts/PostCloud.cs using Guid(138d627dc44e541838712de560754f52) Importer(815301076,1909f56bfc062723c751e8b465ee728b)  -> (artifact id: '32dc411583178fd30e410b060d01ac7b') in 0.004758 seconds 
  Import took 0.008248 seconds .

========================================================================
Received Prepare
Registering precompiled user dll's ...
Registered in 0.004377 seconds.
Begin MonoManager ReloadAssembly
Native extension for OSXStandalone target not found
Native extension for WebGL target not found
Refreshing native plugins compatible for Editor in 0.60 ms, found 5 plugins.
Preloading 1 native plugins for Editor in 0.62 ms.
CreateSerializedAsset is not supported while importing out-of-process
UnityEngine.StackTraceUtility:ExtractStackTrace () (at /Users/bokken/buildslave/unity/build/Runtime/Export/Scripting/StackTrace.cs:37)
Zappar.Editor.ZapparUARSettingsProvider:GetOrCreateSettings () (at Library/PackageCache/com.zappar.uar@0009c418ba/Editor/ZapparUARSettingsProvider.cs:93)
Zappar.Editor.PackageImportSettings:RefreshPackage () (at Library/PackageCache/com.zappar.uar@0009c418ba/Editor/PackageImportSettings.cs:31)
Zappar.Editor.PackageImportSettings:.cctor () (at Library/PackageCache/com.zappar.uar@0009c418ba/Editor/PackageImportSettings.cs:13)
System.Runtime.CompilerServices.RuntimeHelpers:RunClassConstructor (System.RuntimeTypeHandle)
UnityEditor.EditorAssemblies:ProcessInitializeOnLoadAttributes (System.Type[]) (at /Users/bokken/buildslave/unity/build/Editor/Mono/EditorAssemblies.cs:134)

[/Users/bokken/buildslave/unity/build/Runtime/Export/Scripting/StackTrace.cs line 37]

UnityEngine.UnityException: Creating asset at path Packages/com.zappar.uar/Resources/User/ZapparUARSettings.asset failed.
  at (wrapper managed-to-native) UnityEditor.AssetDatabase.CreateAsset(UnityEngine.Object,string)
  at Zappar.Editor.ZapparUARSettingsProvider.GetOrCreateSettings () [0x00057] in /Users/chuli/Desktop/DGP/Zapper_Cloud/Library/PackageCache/com.zappar.uar@0009c418ba/Editor/ZapparUARSettingsProvider.cs:93 
  at Zappar.Editor.PackageImportSettings.RefreshPackage () [0x00036] in /Users/chuli/Desktop/DGP/Zapper_Cloud/Library/PackageCache/com.zappar.uar@0009c418ba/Editor/PackageImportSettings.cs:31 
  at Zappar.Editor.PackageImportSettings..cctor () [0x00000] in /Users/chuli/Desktop/DGP/Zapper_Cloud/Library/PackageCache/com.zappar.uar@0009c418ba/Editor/PackageImportSettings.cs:13 
UnityEngine.StackTraceUtility:ExtractStackTrace () (at /Users/bokken/buildslave/unity/build/Runtime/Export/Scripting/StackTrace.cs:37)
UnityEngine.DebugLogHandler:LogFormat (UnityEngine.LogType,UnityEngine.Object,string,object[])
UnityEngine.Logger:Log (UnityEngine.LogType,object)
UnityEngine.Debug:LogError (object)
UnityEditor.EditorAssemblies:ProcessInitializeOnLoadAttributes (System.Type[]) (at /Users/bokken/buildslave/unity/build/Editor/Mono/EditorAssemblies.cs:138)

(Filename: /Users/bokken/buildslave/unity/build/Editor/Mono/EditorAssemblies.cs Line: 138)

Mono: successfully reloaded assembly
- Completed reload, in  1.617 seconds
Domain Reload Profiling:
	ReloadAssembly (1618ms)
		BeginReloadAssembly (178ms)
			ExecutionOrderSort (0ms)
			DisableScriptedObjects (8ms)
			BackupInstance (0ms)
			ReleaseScriptingObjects (0ms)
			CreateAndSetChildDomain (93ms)
		EndReloadAssembly (1344ms)
			LoadAssemblies (102ms)
			RebuildTransferFunctionScriptingTraits (0ms)
			SetupTypeCache (438ms)
			ReleaseScriptCaches (1ms)
			RebuildScriptCaches (66ms)
			SetupLoadedEditorAssemblies (561ms)
				LogAssemblyErrors (0ms)
				InitializePlatformSupportModulesInManaged (8ms)
				SetLoadedEditorAssemblies (1ms)
				RefreshPlugins (1ms)
				BeforeProcessingInitializeOnLoad (94ms)
				ProcessInitializeOnLoadAttributes (451ms)
				ProcessInitializeOnLoadMethodAttributes (5ms)
				AfterProcessingInitializeOnLoad (2ms)
				EditorAssembliesLoaded (0ms)
			ExecutionOrderSort2 (0ms)
			AwakeInstancesAfterBackupRestoration (10ms)
Platform modules already initialized, skipping
Refreshing native plugins compatible for Editor in 0.65 ms, found 5 plugins.
Preloading 1 native plugins for Editor in 0.73 ms.
Unloading 1575 Unused Serialized files (Serialized files now loaded: 0)
System memory in use before: 166.2 MB.
System memory in use after: 165.4 MB.

Unloading 57 unused Assets to reduce memory usage. Loaded Objects now: 2037.
Total: 3.837513 ms (FindLiveObjects: 0.190041 ms CreateObjectMapping: 0.056127 ms MarkObjects: 3.037449 ms  DeleteObjects: 0.552592 ms)

AssetImportParameters requested are different than current active one (requested -> active):
  custom:video-decoder-ogg-theora: a1e56fd34408186e4bbccfd4996cb3dc -> 
  custom:container-muxer-webm: aa71ff27fc2769a1b78a27578f13a17b -> 
  custom:container-demuxer-webm: 4f35f7cbe854078d1ac9338744f61a02 -> 
  custom:container-demuxer-ogg: 62fdf1f143b41e24485cea50d1cbac27 -> 
  custom:video-encoder-webm-vp8: eb34c28f22e8b96e1ab97ce403110664 -> 
  custom:framework-osx-AVFoundation: e770b220cccbd017edd2c1fefb359320 -> 
  custom:video-decoder-webm-vp8: 9c59270c3fd7afecdb556c50c9e8de78 -> 
  custom:audio-decoder-ogg-vorbis: bf7c407c2cedff20999df2af8eb42d56 -> 
  custom:audio-encoder-webm-vorbis: bf7c407c2cedff20999df2af8eb42d56 -> 
========================================================================
Received Import Request.
  Time since last request: 134.426326 seconds.
  path: Assets/FirebaseWebGL/Assets/FirebaseWebGL/Examples/Firestore/FirestoreExampleHandler.cs
  artifactKey: Guid(7c39fd1be263245628dab786bd2d5d08) Importer(815301076,1909f56bfc062723c751e8b465ee728b)
Start importing Assets/FirebaseWebGL/Assets/FirebaseWebGL/Examples/Firestore/FirestoreExampleHandler.cs using Guid(7c39fd1be263245628dab786bd2d5d08) Importer(815301076,1909f56bfc062723c751e8b465ee728b)  -> (artifact id: 'c852b4a1619b3edabfc777ffeaba2c95') in 0.008384 seconds 
  Import took 0.011459 seconds .

========================================================================
Received Import Request.
  Time since last request: 0.043200 seconds.
  path: Assets/FirebaseWebGL/Assets/FirebaseWebGL/Examples/Firestore/FirestoreExampleHandler.cs
  artifactKey: Guid(7c39fd1be263245628dab786bd2d5d08) Importer(815301076,1909f56bfc062723c751e8b465ee728b)
Start importing Assets/FirebaseWebGL/Assets/FirebaseWebGL/Examples/Firestore/FirestoreExampleHandler.cs using Guid(7c39fd1be263245628dab786bd2d5d08) Importer(815301076,1909f56bfc062723c751e8b465ee728b)  -> (artifact id: 'c852b4a1619b3edabfc777ffeaba2c95') in 0.005394 seconds 
  Import took 0.009485 seconds .

========================================================================
Received Import Request.
  Time since last request: 79.556529 seconds.
  path: Assets/Testing.unity
  artifactKey: Guid(7dbf5ff0598b24a8bb8fc4d2808e5a76) Importer(815301076,1909f56bfc062723c751e8b465ee728b)
Start importing Assets/Testing.unity using Guid(7dbf5ff0598b24a8bb8fc4d2808e5a76) Importer(815301076,1909f56bfc062723c751e8b465ee728b)  -> (artifact id: 'e703839a9754587c7572f6ed2286fda8') in 0.010733 seconds 
  Import took 0.015103 seconds .

========================================================================
Received Prepare
Refreshing native plugins compatible for Editor in 10.42 ms, found 5 plugins.
Preloading 1 native plugins for Editor in 0.72 ms.
Unloading 54 Unused Serialized files (Serialized files now loaded: 0)
System memory in use before: 136.4 MB.
System memory in use after: 135.5 MB.

Unloading 54 unused Assets to reduce memory usage. Loaded Objects now: 2037.
Total: 6.207799 ms (FindLiveObjects: 0.256263 ms CreateObjectMapping: 0.109767 ms MarkObjects: 5.079168 ms  DeleteObjects: 0.760913 ms)

AssetImportParameters requested are different than current active one (requested -> active):
  custom:video-decoder-ogg-theora: a1e56fd34408186e4bbccfd4996cb3dc -> 
  custom:container-muxer-webm: aa71ff27fc2769a1b78a27578f13a17b -> 
  custom:container-demuxer-webm: 4f35f7cbe854078d1ac9338744f61a02 -> 
  custom:container-demuxer-ogg: 62fdf1f143b41e24485cea50d1cbac27 -> 
  custom:video-encoder-webm-vp8: eb34c28f22e8b96e1ab97ce403110664 -> 
  custom:framework-osx-AVFoundation: e770b220cccbd017edd2c1fefb359320 -> 
  custom:video-decoder-webm-vp8: 9c59270c3fd7afecdb556c50c9e8de78 -> 
  custom:audio-decoder-ogg-vorbis: bf7c407c2cedff20999df2af8eb42d56 -> 
  custom:audio-encoder-webm-vorbis: bf7c407c2cedff20999df2af8eb42d56 -> 
========================================================================
Received Import Request.
  Time since last request: 482.916438 seconds.
  path: Assets/Scripts/PostCloud.cs
  artifactKey: Guid(138d627dc44e541838712de560754f52) Importer(815301076,1909f56bfc062723c751e8b465ee728b)
Start importing Assets/Scripts/PostCloud.cs using Guid(138d627dc44e541838712de560754f52) Importer(815301076,1909f56bfc062723c751e8b465ee728b)  -> (artifact id: 'a1536903cc214a3d854e47b05a83cc35') in 0.007923 seconds 
  Import took 0.020587 seconds .

========================================================================
Received Prepare
Refreshing native plugins compatible for Editor in 6.76 ms, found 5 plugins.
Preloading 1 native plugins for Editor in 1.06 ms.
Unloading 54 Unused Serialized files (Serialized files now loaded: 0)
System memory in use before: 136.4 MB.
System memory in use after: 135.6 MB.

Unloading 54 unused Assets to reduce memory usage. Loaded Objects now: 2037.
Total: 13.539979 ms (FindLiveObjects: 0.572169 ms CreateObjectMapping: 0.197401 ms MarkObjects: 12.146330 ms  DeleteObjects: 0.622599 ms)

AssetImportParameters requested are different than current active one (requested -> active):
  custom:video-decoder-ogg-theora: a1e56fd34408186e4bbccfd4996cb3dc -> 
  custom:container-muxer-webm: aa71ff27fc2769a1b78a27578f13a17b -> 
  custom:container-demuxer-webm: 4f35f7cbe854078d1ac9338744f61a02 -> 
  custom:container-demuxer-ogg: 62fdf1f143b41e24485cea50d1cbac27 -> 
  custom:video-encoder-webm-vp8: eb34c28f22e8b96e1ab97ce403110664 -> 
  custom:framework-osx-AVFoundation: e770b220cccbd017edd2c1fefb359320 -> 
  custom:video-decoder-webm-vp8: 9c59270c3fd7afecdb556c50c9e8de78 -> 
  custom:audio-decoder-ogg-vorbis: bf7c407c2cedff20999df2af8eb42d56 -> 
  custom:audio-encoder-webm-vorbis: bf7c407c2cedff20999df2af8eb42d56 -> 
